<?xml version="1.0" encoding="UTF-8"?>
<testng-results skipped="0" failed="0" total="1" passed="1">
  <reporter-output>
  </reporter-output>
  <suite name="Default suite" duration-ms="24189" started-at="2015-10-22T07:00:46Z" finished-at="2015-10-22T07:01:11Z">
    <groups>
    </groups>
    <test name="Default test" duration-ms="24189" started-at="2015-10-22T07:00:46Z" finished-at="2015-10-22T07:01:11Z">
      <class name="com.Flipkart">
        <test-method status="PASS" signature="flipkart()[pri:0, instance:com.Flipkart@19f707b]" name="flipkart" duration-ms="24135" started-at="2015-10-22T12:30:46Z" finished-at="2015-10-22T12:31:11Z">
          <reporter-output>
          </reporter-output>
        </test-method> <!-- flipkart -->
      </class> <!-- com.Flipkart -->
    </test> <!-- Default test -->
  </suite> <!-- Default suite -->
</testng-results>
